{
  "stats": {
    "suites": 8,
    "tests": 8,
    "passes": 8,
    "pending": 0,
    "failures": 0,
    "start": "2021-08-17T15:39:59.053Z",
    "end": "2021-08-17T15:40:15.578Z",
    "duration": 16525,
    "testsRegistered": 8,
    "passPercent": 100,
    "pendingPercent": 0,
    "other": 0,
    "hasOther": false,
    "skipped": 0,
    "hasSkipped": false
  },
  "results": [
    {
      "uuid": "82a66315-05df-4ffd-8afb-a33400798409",
      "title": "",
      "fullFile": "cypress/integration/project.spec.js",
      "file": "cypress/integration/project.spec.js",
      "beforeHooks": [],
      "afterHooks": [],
      "tests": [],
      "suites": [
        {
          "uuid": "2559da36-f3c4-4e12-8801-036c6a2e7530",
          "title": "Shopping Cart Project",
          "fullFile": "",
          "file": "",
          "beforeHooks": [],
          "afterHooks": [],
          "tests": [],
          "suites": [
            {
              "uuid": "b63f942d-d2b4-46da-b975-52a2d6f797bd",
              "title": "1 - Crie uma listagem de produtos",
              "fullFile": "",
              "file": "",
              "beforeHooks": [],
              "afterHooks": [],
              "tests": [
                {
                  "title": "Listagem de produtos",
                  "fullTitle": "Shopping Cart Project 1 - Crie uma listagem de produtos Listagem de produtos",
                  "timedOut": null,
                  "duration": 805,
                  "state": "passed",
                  "speed": "slow",
                  "pass": true,
                  "fail": false,
                  "pending": false,
                  "context": null,
                  "code": "cy.get(ITEM_SELECTOR).should('exist').should('have.length', results.length);",
                  "err": {},
                  "uuid": "bbf3ab5a-d3a9-41ff-a0a1-77733e462724",
                  "parentUUID": "b63f942d-d2b4-46da-b975-52a2d6f797bd",
                  "isHook": false,
                  "skipped": false
                }
              ],
              "suites": [],
              "passes": [
                "bbf3ab5a-d3a9-41ff-a0a1-77733e462724"
              ],
              "failures": [],
              "pending": [],
              "skipped": [],
              "duration": 805,
              "root": false,
              "rootEmpty": false,
              "_timeout": 2000
            },
            {
              "uuid": "cab3d6ab-07f6-4763-8a61-616a98144bc1",
              "title": "2 - Adicione o produto ao carrinho de compras",
              "fullFile": "",
              "file": "",
              "beforeHooks": [],
              "afterHooks": [],
              "tests": [
                {
                  "title": "Adicione o produto ao carrinho de compras",
                  "fullTitle": "Shopping Cart Project 2 - Adicione o produto ao carrinho de compras Adicione o produto ao carrinho de compras",
                  "timedOut": null,
                  "duration": 1286,
                  "state": "passed",
                  "speed": "slow",
                  "pass": true,
                  "fail": false,
                  "pending": false,
                  "context": null,
                  "code": "cy.wait(1000);\naddToCart(36);\ncountCart(1);\nconsole.log(results[36].id, results[36].title);\ncy.get(CART_ITEMS).children().first().should('have.text', \"SKU: \".concat(results[36].id, \" | NAME: \").concat(results[36].title, \" | PRICE: $\").concat(results[36].price));",
                  "err": {},
                  "uuid": "fa99b349-1e47-47fd-b76c-ac40b217cc73",
                  "parentUUID": "cab3d6ab-07f6-4763-8a61-616a98144bc1",
                  "isHook": false,
                  "skipped": false
                }
              ],
              "suites": [],
              "passes": [
                "fa99b349-1e47-47fd-b76c-ac40b217cc73"
              ],
              "failures": [],
              "pending": [],
              "skipped": [],
              "duration": 1286,
              "root": false,
              "rootEmpty": false,
              "_timeout": 2000
            },
            {
              "uuid": "30b53790-2563-4562-9c84-d03ed95ea76f",
              "title": "3 - Remova o item do carrinho de compras ao clicar nele",
              "fullFile": "",
              "file": "",
              "beforeHooks": [],
              "afterHooks": [],
              "tests": [
                {
                  "title": "Remova o item do carrinho de compras ao clicar nele",
                  "fullTitle": "Shopping Cart Project 3 - Remova o item do carrinho de compras ao clicar nele Remova o item do carrinho de compras ao clicar nele",
                  "timedOut": null,
                  "duration": 806,
                  "state": "passed",
                  "speed": "slow",
                  "pass": true,
                  "fail": false,
                  "pending": false,
                  "context": null,
                  "code": "addToCart(29);\naddToCart(31);\naddToCart(15);\ncy.get(CART_ITEMS).children().eq(1).click();\ncountCart(2);\ncy.get(CART_ITEMS).children().eq(1).click();\ncountCart(1);\ncy.get(CART_ITEMS).children().eq(0).click();\ncountCart(0);",
                  "err": {},
                  "uuid": "31997ebf-c3c5-4814-9f47-8efabdd2c996",
                  "parentUUID": "30b53790-2563-4562-9c84-d03ed95ea76f",
                  "isHook": false,
                  "skipped": false
                }
              ],
              "suites": [],
              "passes": [
                "31997ebf-c3c5-4814-9f47-8efabdd2c996"
              ],
              "failures": [],
              "pending": [],
              "skipped": [],
              "duration": 806,
              "root": false,
              "rootEmpty": false,
              "_timeout": 2000
            },
            {
              "uuid": "6ebbd1d8-eb9c-461f-9b4a-3aebf2e75994",
              "title": "4 - Carregue o carrinho de compras através do **LocalStorage** ao iniciar a página",
              "fullFile": "",
              "file": "",
              "beforeHooks": [],
              "afterHooks": [],
              "tests": [
                {
                  "title": "Carregue o carrinho de compras através do **LocalStorage** ao iniciar a página",
                  "fullTitle": "Shopping Cart Project 4 - Carregue o carrinho de compras através do **LocalStorage** ao iniciar a página Carregue o carrinho de compras através do **LocalStorage** ao iniciar a página",
                  "timedOut": null,
                  "duration": 2766,
                  "state": "passed",
                  "speed": "slow",
                  "pass": true,
                  "fail": false,
                  "pending": false,
                  "context": null,
                  "code": "var first = 36;\nvar last = 29;\naddToCart(first);\ncy.wait(1000);\ncountCart(1);\ncy.get(CART_ITEMS).children().first().should('have.text', \"SKU: \".concat(results[first].id, \" | NAME: \").concat(results[first].title, \" | PRICE: $\").concat(results[first].price));\naddToCart(last);\ncy.wait(1000);\ncy.get(CART_ITEMS).children().last().should('have.text', \"SKU: \".concat(results[last].id, \" | NAME: \").concat(results[last].title, \" | PRICE: $\").concat(results[last].price));\ncy.reload({\n  onBeforeLoad: function onBeforeLoad(win) {\n    win.fetch = fetchMock;\n  }\n});\ncy.get(CART_ITEMS).children().first().should('have.text', \"SKU: \".concat(results[first].id, \" | NAME: \").concat(results[first].title, \" | PRICE: $\").concat(results[first].price));\ncy.get(CART_ITEMS).children().last().should('have.text', \"SKU: \".concat(results[last].id, \" | NAME: \").concat(results[last].title, \" | PRICE: $\").concat(results[last].price));",
                  "err": {},
                  "uuid": "2f23ce52-4620-4013-a4bc-6e1f9578871a",
                  "parentUUID": "6ebbd1d8-eb9c-461f-9b4a-3aebf2e75994",
                  "isHook": false,
                  "skipped": false
                },
                {
                  "title": "Deverá ser possível remover items do carrinho ao clicar sobre eles mesmo após regarregar a página",
                  "fullTitle": "Shopping Cart Project 4 - Carregue o carrinho de compras através do **LocalStorage** ao iniciar a página Deverá ser possível remover items do carrinho ao clicar sobre eles mesmo após regarregar a página",
                  "timedOut": null,
                  "duration": 832,
                  "state": "passed",
                  "speed": "slow",
                  "pass": true,
                  "fail": false,
                  "pending": false,
                  "context": null,
                  "code": "addToCart(29);\naddToCart(31);\naddToCart(15);\ncy.reload({\n  onBeforeLoad: function onBeforeLoad(win) {\n    win.fetch = fetchMock;\n  }\n});\ncy.get(CART_ITEMS).children().eq(1).click();\ncountCart(2);\ncy.get(CART_ITEMS).children().eq(1).click();\ncountCart(1);\ncy.get(CART_ITEMS).children().eq(0).click();\ncountCart(0);",
                  "err": {},
                  "uuid": "46d3d9e8-b878-47b0-a86e-8bdcec005bfc",
                  "parentUUID": "6ebbd1d8-eb9c-461f-9b4a-3aebf2e75994",
                  "isHook": false,
                  "skipped": false
                }
              ],
              "suites": [],
              "passes": [
                "2f23ce52-4620-4013-a4bc-6e1f9578871a",
                "46d3d9e8-b878-47b0-a86e-8bdcec005bfc"
              ],
              "failures": [],
              "pending": [],
              "skipped": [],
              "duration": 3598,
              "root": false,
              "rootEmpty": false,
              "_timeout": 2000
            },
            {
              "uuid": "c90843f3-f6fc-4768-ae6e-47c91a913c0e",
              "title": "5 - Some o valor total dos itens do carrinho de compras de forma assíncrona",
              "fullFile": "",
              "file": "",
              "beforeHooks": [],
              "afterHooks": [],
              "tests": [
                {
                  "title": "Some o valor total dos itens do carrinho de compras de forma assíncrona",
                  "fullTitle": "Shopping Cart Project 5 - Some o valor total dos itens do carrinho de compras de forma assíncrona Some o valor total dos itens do carrinho de compras de forma assíncrona",
                  "timedOut": null,
                  "duration": 6175,
                  "state": "passed",
                  "speed": "slow",
                  "pass": true,
                  "fail": false,
                  "pending": false,
                  "context": null,
                  "code": "cy.visit(PROJECT_URL, {\n  onBeforeLoad: function onBeforeLoad(win) {\n    win.fetch = fetchMock;\n  }\n});\naddToCart(5);\ncheckPrice(results, [5]);\naddToCart(42);\ncheckPrice(results, [5, 42]);\naddToCart(36);\ncheckPrice(results, [5, 42, 36]);\naddToCart(15);\ncheckPrice(results, [5, 42, 36, 15]);\ncy.get(CART_ITEMS).children().eq(1).click();\ncheckPrice(results, [5, 36, 15]);",
                  "err": {},
                  "uuid": "d62f285c-0ad2-45f8-ae69-a17b39806d22",
                  "parentUUID": "c90843f3-f6fc-4768-ae6e-47c91a913c0e",
                  "isHook": false,
                  "skipped": false
                }
              ],
              "suites": [],
              "passes": [
                "d62f285c-0ad2-45f8-ae69-a17b39806d22"
              ],
              "failures": [],
              "pending": [],
              "skipped": [],
              "duration": 6175,
              "root": false,
              "rootEmpty": false,
              "_timeout": 2000
            },
            {
              "uuid": "e5d9afa1-6bac-46ea-924f-f8975f61f508",
              "title": "6 - Crie um botão para limpar carrinho de compras",
              "fullFile": "",
              "file": "",
              "beforeHooks": [],
              "afterHooks": [],
              "tests": [
                {
                  "title": "Botão para limpar carrinho de compras",
                  "fullTitle": "Shopping Cart Project 6 - Crie um botão para limpar carrinho de compras Botão para limpar carrinho de compras",
                  "timedOut": null,
                  "duration": 594,
                  "state": "passed",
                  "speed": "slow",
                  "pass": true,
                  "fail": false,
                  "pending": false,
                  "context": null,
                  "code": "addToCart(3);\naddToCart(0);\naddToCart(1);\ncountCart(3);\ncy.get(EMPTY_CART_BUTTON).click();\ncountCart(0);",
                  "err": {},
                  "uuid": "36194b08-2051-4fcb-81a3-bf9f24822883",
                  "parentUUID": "e5d9afa1-6bac-46ea-924f-f8975f61f508",
                  "isHook": false,
                  "skipped": false
                }
              ],
              "suites": [],
              "passes": [
                "36194b08-2051-4fcb-81a3-bf9f24822883"
              ],
              "failures": [],
              "pending": [],
              "skipped": [],
              "duration": 594,
              "root": false,
              "rootEmpty": false,
              "_timeout": 2000
            },
            {
              "uuid": "a6832a91-4a06-45c4-aee2-388016fa4c7f",
              "title": "7 - Adicione um texto de `loading` durante uma requisição à API",
              "fullFile": "",
              "file": "",
              "beforeHooks": [],
              "afterHooks": [],
              "tests": [
                {
                  "title": "Adicionar um texto de \"loading\" durante uma requisição à API",
                  "fullTitle": "Shopping Cart Project 7 - Adicione um texto de `loading` durante uma requisição à API Adicionar um texto de \"loading\" durante uma requisição à API",
                  "timedOut": null,
                  "duration": 3146,
                  "state": "passed",
                  "speed": "slow",
                  "pass": true,
                  "fail": false,
                  "pending": false,
                  "context": null,
                  "code": "cy.visit(PROJECT_URL);\ncy.get(LOADING).should('exist').wait(3000).should('not.exist');",
                  "err": {},
                  "uuid": "d4f76a18-175d-43f7-9ab0-baba082e83dc",
                  "parentUUID": "a6832a91-4a06-45c4-aee2-388016fa4c7f",
                  "isHook": false,
                  "skipped": false
                }
              ],
              "suites": [],
              "passes": [
                "d4f76a18-175d-43f7-9ab0-baba082e83dc"
              ],
              "failures": [],
              "pending": [],
              "skipped": [],
              "duration": 3146,
              "root": false,
              "rootEmpty": false,
              "_timeout": 2000
            }
          ],
          "passes": [],
          "failures": [],
          "pending": [],
          "skipped": [],
          "duration": 0,
          "root": false,
          "rootEmpty": false,
          "_timeout": 2000
        }
      ],
      "passes": [],
      "failures": [],
      "pending": [],
      "skipped": [],
      "duration": 0,
      "root": true,
      "rootEmpty": true,
      "_timeout": 2000
    }
  ],
  "meta": {
    "mocha": {
      "version": "7.1.1"
    },
    "mochawesome": {
      "options": {
        "quiet": false,
        "reportFilename": "mochawesome",
        "saveHtml": false,
        "saveJson": true,
        "consoleReporter": "spec",
        "useInlineDiffs": false,
        "code": true
      },
      "version": "5.0.0"
    },
    "marge": {
      "options": {
        "id": "default",
        "reportDir": "cypress/reports",
        "overwrite": true,
        "html": false,
        "json": true
      },
      "version": "4.1.0"
    }
  }
}